[2022-07-13 01:27:41] production.ERROR: SQLSTATE[HY000] [1045] Access denied for user 'forge'@'localhost' (using password: YES) (SQL: insert into `oauth_clients` (`user_id`, `name`, `secret`, `provider`, `redirect`, `personal_access_client`, `password_client`, `revoked`, `updated_at`, `created_at`) values (?, Laravel Personal Access Client, wVLSeEGDAXDLwQJroNUkQ3fuZp4dFZSd0CUoI0SH, ?, http://localhost, 1, 0, 0, 2022-07-13 01:27:40, 2022-07-13 01:27:40)) {"exception":"[object] (Illuminate\\Database\\QueryException(code: 1045): SQLSTATE[HY000] [1045] Access denied for user 'forge'@'localhost' (using password: YES) (SQL: insert into `oauth_clients` (`user_id`, `name`, `secret`, `provider`, `redirect`, `personal_access_client`, `password_client`, `revoked`, `updated_at`, `created_at`) values (?, Laravel Personal Access Client, wVLSeEGDAXDLwQJroNUkQ3fuZp4dFZSd0CUoI0SH, ?, http://localhost, 1, 0, 0, 2022-07-13 01:27:40, 2022-07-13 01:27:40)) at C:\\Users\\Dennis Ivan Chavez\\Documents\\13 Web Dev\\CRud\\app-master\\vendor\\laravel\\framework\\src\\Illuminate\\Database\\Connection.php:759)
[stacktrace]
#0 C:\\Users\\Dennis Ivan Chavez\\Documents\\13 Web Dev\\CRud\\app-master\\vendor\\laravel\\framework\\src\\Illuminate\\Database\\Connection.php(719): Illuminate\\Database\\Connection->runQueryCallback('insert into `oa...', Array, Object(Closure))
#1 C:\\Users\\Dennis Ivan Chavez\\Documents\\13 Web Dev\\CRud\\app-master\\vendor\\laravel\\framework\\src\\Illuminate\\Database\\Connection.php(545): Illuminate\\Database\\Connection->run('insert into `oa...', Array, Object(Closure))
#2 C:\\Users\\Dennis Ivan Chavez\\Documents\\13 Web Dev\\CRud\\app-master\\vendor\\laravel\\framework\\src\\Illuminate\\Database\\Connection.php(497): Illuminate\\Database\\Connection->statement('insert into `oa...', Array)
#3 C:\\Users\\Dennis Ivan Chavez\\Documents\\13 Web Dev\\CRud\\app-master\\vendor\\laravel\\framework\\src\\Illuminate\\Database\\Query\\Processors\\Processor.php(32): Illuminate\\Database\\Connection->insert('insert into `oa...', Array)
#4 C:\\Users\\Dennis Ivan Chavez\\Documents\\13 Web Dev\\CRud\\app-master\\vendor\\laravel\\framework\\src\\Illuminate\\Database\\Query\\Builder.php(3246): Illuminate\\Database\\Query\\Processors\\Processor->processInsertGetId(Object(Illuminate\\Database\\Query\\Builder), 'insert into `oa...', Array, 'id')
#5 C:\\Users\\Dennis Ivan Chavez\\Documents\\13 Web Dev\\CRud\\app-master\\vendor\\laravel\\framework\\src\\Illuminate\\Database\\Eloquent\\Builder.php(1834): Illuminate\\Database\\Query\\Builder->insertGetId(Array, 'id')
#6 C:\\Users\\Dennis Ivan Chavez\\Documents\\13 Web Dev\\CRud\\app-master\\vendor\\laravel\\framework\\src\\Illuminate\\Database\\Eloquent\\Model.php(1220): Illuminate\\Database\\Eloquent\\Builder->__call('insertGetId', Array)
#7 C:\\Users\\Dennis Ivan Chavez\\Documents\\13 Web Dev\\CRud\\app-master\\vendor\\laravel\\framework\\src\\Illuminate\\Database\\Eloquent\\Model.php(1185): Illuminate\\Database\\Eloquent\\Model->insertAndSetId(Object(Illuminate\\Database\\Eloquent\\Builder), Array)
#8 C:\\Users\\Dennis Ivan Chavez\\Documents\\13 Web Dev\\CRud\\app-master\\vendor\\laravel\\framework\\src\\Illuminate\\Database\\Eloquent\\Model.php(1026): Illuminate\\Database\\Eloquent\\Model->performInsert(Object(Illuminate\\Database\\Eloquent\\Builder))
#9 C:\\Users\\Dennis Ivan Chavez\\Documents\\13 Web Dev\\CRud\\app-master\\vendor\\laravel\\passport\\src\\ClientRepository.php(153): Illuminate\\Database\\Eloquent\\Model->save()
#10 C:\\Users\\Dennis Ivan Chavez\\Documents\\13 Web Dev\\CRud\\app-master\\vendor\\laravel\\passport\\src\\ClientRepository.php(168): Laravel\\Passport\\ClientRepository->create(NULL, 'Laravel Persona...', 'http://localhos...', NULL, true)
#11 C:\\Users\\Dennis Ivan Chavez\\Documents\\13 Web Dev\\CRud\\app-master\\vendor\\laravel\\passport\\src\\Console\\ClientCommand.php(67): Laravel\\Passport\\ClientRepository->createPersonalAccessClient(NULL, 'Laravel Persona...', 'http://localhos...')
#12 C:\\Users\\Dennis Ivan Chavez\\Documents\\13 Web Dev\\CRud\\app-master\\vendor\\laravel\\passport\\src\\Console\\ClientCommand.php(43): Laravel\\Passport\\Console\\ClientCommand->createPersonalClient(Object(Laravel\\Passport\\ClientRepository))
#13 C:\\Users\\Dennis Ivan Chavez\\Documents\\13 Web Dev\\CRud\\app-master\\vendor\\laravel\\framework\\src\\Illuminate\\Container\\BoundMethod.php(36): Laravel\\Passport\\Console\\ClientCommand->handle(Object(Laravel\\Passport\\ClientRepository))
#14 C:\\Users\\Dennis Ivan Chavez\\Documents\\13 Web Dev\\CRud\\app-master\\vendor\\laravel\\framework\\src\\Illuminate\\Container\\Util.php(41): Illuminate\\Container\\BoundMethod::Illuminate\\Container\\{closure}()
#15 C:\\Users\\Dennis Ivan Chavez\\Documents\\13 Web Dev\\CRud\\app-master\\vendor\\laravel\\framework\\src\\Illuminate\\Container\\BoundMethod.php(93): Illuminate\\Container\\Util::unwrapIfClosure(Object(Closure))
#16 C:\\Users\\Dennis Ivan Chavez\\Documents\\13 Web Dev\\CRud\\app-master\\vendor\\laravel\\framework\\src\\Illuminate\\Container\\BoundMethod.php(37): Illuminate\\Container\\BoundMethod::callBoundMethod(Object(Illuminate\\Foundation\\Application), Array, Object(Closure))
#17 C:\\Users\\Dennis Ivan Chavez\\Documents\\13 Web Dev\\CRud\\app-master\\vendor\\laravel\\framework\\src\\Illuminate\\Container\\Container.php(651): Illuminate\\Container\\BoundMethod::call(Object(Illuminate\\Foundation\\Application), Array, Array, NULL)
#18 C:\\Users\\Dennis Ivan Chavez\\Documents\\13 Web Dev\\CRud\\app-master\\vendor\\laravel\\framework\\src\\Illuminate\\Console\\Command.php(136): Illuminate\\Container\\Container->call(Array)
#19 C:\\Users\\Dennis Ivan Chavez\\Documents\\13 Web Dev\\CRud\\app-master\\vendor\\symfony\\console\\Command\\Command.php(308): Illuminate\\Console\\Command->execute(Object(Symfony\\Component\\Console\\Input\\ArrayInput), Object(Illuminate\\Console\\OutputStyle))
#20 C:\\Users\\Dennis Ivan Chavez\\Documents\\13 Web Dev\\CRud\\app-master\\vendor\\laravel\\framework\\src\\Illuminate\\Console\\Command.php(121): Symfony\\Component\\Console\\Command\\Command->run(Object(Symfony\\Component\\Console\\Input\\ArrayInput), Object(Illuminate\\Console\\OutputStyle))
#21 C:\\Users\\Dennis Ivan Chavez\\Documents\\13 Web Dev\\CRud\\app-master\\vendor\\laravel\\framework\\src\\Illuminate\\Console\\Concerns\\CallsCommands.php(68): Illuminate\\Console\\Command->run(Object(Symfony\\Component\\Console\\Input\\ArrayInput), Object(Illuminate\\Console\\OutputStyle))
#22 C:\\Users\\Dennis Ivan Chavez\\Documents\\13 Web Dev\\CRud\\app-master\\vendor\\laravel\\framework\\src\\Illuminate\\Console\\Concerns\\CallsCommands.php(28): Illuminate\\Console\\Command->runCommand('passport:client', Array, Object(Illuminate\\Console\\OutputStyle))
#23 C:\\Users\\Dennis Ivan Chavez\\Documents\\13 Web Dev\\CRud\\app-master\\vendor\\laravel\\passport\\src\\Console\\InstallCommand.php(42): Illuminate\\Console\\Command->call('passport:client', Array)
#24 C:\\Users\\Dennis Ivan Chavez\\Documents\\13 Web Dev\\CRud\\app-master\\vendor\\laravel\\framework\\src\\Illuminate\\Container\\BoundMethod.php(36): Laravel\\Passport\\Console\\InstallCommand->handle()
#25 C:\\Users\\Dennis Ivan Chavez\\Documents\\13 Web Dev\\CRud\\app-master\\vendor\\laravel\\framework\\src\\Illuminate\\Container\\Util.php(41): Illuminate\\Container\\BoundMethod::Illuminate\\Container\\{closure}()
#26 C:\\Users\\Dennis Ivan Chavez\\Documents\\13 Web Dev\\CRud\\app-master\\vendor\\laravel\\framework\\src\\Illuminate\\Container\\BoundMethod.php(93): Illuminate\\Container\\Util::unwrapIfClosure(Object(Closure))
#27 C:\\Users\\Dennis Ivan Chavez\\Documents\\13 Web Dev\\CRud\\app-master\\vendor\\laravel\\framework\\src\\Illuminate\\Container\\BoundMethod.php(37): Illuminate\\Container\\BoundMethod::callBoundMethod(Object(Illuminate\\Foundation\\Application), Array, Object(Closure))
#28 C:\\Users\\Dennis Ivan Chavez\\Documents\\13 Web Dev\\CRud\\app-master\\vendor\\laravel\\framework\\src\\Illuminate\\Container\\Container.php(651): Illuminate\\Container\\BoundMethod::call(Object(Illuminate\\Foundation\\Application), Array, Array, NULL)
#29 C:\\Users\\Dennis Ivan Chavez\\Documents\\13 Web Dev\\CRud\\app-master\\vendor\\laravel\\framework\\src\\Illuminate\\Console\\Command.php(136): Illuminate\\Container\\Container->call(Array)
#30 C:\\Users\\Dennis Ivan Chavez\\Documents\\13 Web Dev\\CRud\\app-master\\vendor\\symfony\\console\\Command\\Command.php(308): Illuminate\\Console\\Command->execute(Object(Symfony\\Component\\Console\\Input\\ArgvInput), Object(Illuminate\\Console\\OutputStyle))
#31 C:\\Users\\Dennis Ivan Chavez\\Documents\\13 Web Dev\\CRud\\app-master\\vendor\\laravel\\framework\\src\\Illuminate\\Console\\Command.php(121): Symfony\\Component\\Console\\Command\\Command->run(Object(Symfony\\Component\\Console\\Input\\ArgvInput), Object(Illuminate\\Console\\OutputStyle))
#32 C:\\Users\\Dennis Ivan Chavez\\Documents\\13 Web Dev\\CRud\\app-master\\vendor\\symfony\\console\\Application.php(998): Illuminate\\Console\\Command->run(Object(Symfony\\Component\\Console\\Input\\ArgvInput), Object(Symfony\\Component\\Console\\Output\\ConsoleOutput))
#33 C:\\Users\\Dennis Ivan Chavez\\Documents\\13 Web Dev\\CRud\\app-master\\vendor\\symfony\\console\\Application.php(299): Symfony\\Component\\Console\\Application->doRunCommand(Object(Laravel\\Passport\\Console\\InstallCommand), Object(Symfony\\Component\\Console\\Input\\ArgvInput), Object(Symfony\\Component\\Console\\Output\\ConsoleOutput))
#34 C:\\Users\\Dennis Ivan Chavez\\Documents\\13 Web Dev\\CRud\\app-master\\vendor\\symfony\\console\\Application.php(171): Symfony\\Component\\Console\\Application->doRun(Object(Symfony\\Component\\Console\\Input\\ArgvInput), Object(Symfony\\Component\\Console\\Output\\ConsoleOutput))
#35 C:\\Users\\Dennis Ivan Chavez\\Documents\\13 Web Dev\\CRud\\app-master\\vendor\\laravel\\framework\\src\\Illuminate\\Console\\Application.php(102): Symfony\\Component\\Console\\Application->run(Object(Symfony\\Component\\Console\\Input\\ArgvInput), Object(Symfony\\Component\\Console\\Output\\ConsoleOutput))
#36 C:\\Users\\Dennis Ivan Chavez\\Documents\\13 Web Dev\\CRud\\app-master\\vendor\\laravel\\framework\\src\\Illuminate\\Foundation\\Console\\Kernel.php(129): Illuminate\\Console\\Application->run(Object(Symfony\\Component\\Console\\Input\\ArgvInput), Object(Symfony\\Component\\Console\\Output\\ConsoleOutput))
#37 C:\\Users\\Dennis Ivan Chavez\\Documents\\13 Web Dev\\CRud\\app-master\\artisan(37): Illuminate\\Foundation\\Console\\Kernel->handle(Object(Symfony\\Component\\Console\\Input\\ArgvInput), Object(Symfony\\Component\\Console\\Output\\ConsoleOutput))
#38 {main}

[previous exception] [object] (PDOException(code: 1045): SQLSTATE[HY000] [1045] Access denied for user 'forge'@'localhost' (using password: YES) at C:\\Users\\Dennis Ivan Chavez\\Documents\\13 Web Dev\\CRud\\app-master\\vendor\\laravel\\framework\\src\\Illuminate\\Database\\Connectors\\Connector.php:70)
[stacktrace]
#0 C:\\Users\\Dennis Ivan Chavez\\Documents\\13 Web Dev\\CRud\\app-master\\vendor\\laravel\\framework\\src\\Illuminate\\Database\\Connectors\\Connector.php(70): PDO->__construct('mysql:host=127....', 'forge', '', Array)
#1 C:\\Users\\Dennis Ivan Chavez\\Documents\\13 Web Dev\\CRud\\app-master\\vendor\\laravel\\framework\\src\\Illuminate\\Database\\Connectors\\Connector.php(46): Illuminate\\Database\\Connectors\\Connector->createPdoConnection('mysql:host=127....', 'forge', '', Array)
#2 C:\\Users\\Dennis Ivan Chavez\\Documents\\13 Web Dev\\CRud\\app-master\\vendor\\laravel\\framework\\src\\Illuminate\\Database\\Connectors\\MySqlConnector.php(24): Illuminate\\Database\\Connectors\\Connector->createConnection('mysql:host=127....', Array, Array)
#3 C:\\Users\\Dennis Ivan Chavez\\Documents\\13 Web Dev\\CRud\\app-master\\vendor\\laravel\\framework\\src\\Illuminate\\Database\\Connectors\\ConnectionFactory.php(184): Illuminate\\Database\\Connectors\\MySqlConnector->connect(Array)
#4 [internal function]: Illuminate\\Database\\Connectors\\ConnectionFactory->Illuminate\\Database\\Connectors\\{closure}()
#5 C:\\Users\\Dennis Ivan Chavez\\Documents\\13 Web Dev\\CRud\\app-master\\vendor\\laravel\\framework\\src\\Illuminate\\Database\\Connection.php(1168): call_user_func(Object(Closure))
#6 C:\\Users\\Dennis Ivan Chavez\\Documents\\13 Web Dev\\CRud\\app-master\\vendor\\laravel\\framework\\src\\Illuminate\\Database\\Connection.php(538): Illuminate\\Database\\Connection->getPdo()
#7 C:\\Users\\Dennis Ivan Chavez\\Documents\\13 Web Dev\\CRud\\app-master\\vendor\\laravel\\framework\\src\\Illuminate\\Database\\Connection.php(752): Illuminate\\Database\\Connection->Illuminate\\Database\\{closure}('insert into `oa...', Array)
#8 C:\\Users\\Dennis Ivan Chavez\\Documents\\13 Web Dev\\CRud\\app-master\\vendor\\laravel\\framework\\src\\Illuminate\\Database\\Connection.php(719): Illuminate\\Database\\Connection->runQueryCallback('insert into `oa...', Array, Object(Closure))
#9 C:\\Users\\Dennis Ivan Chavez\\Documents\\13 Web Dev\\CRud\\app-master\\vendor\\laravel\\framework\\src\\Illuminate\\Database\\Connection.php(545): Illuminate\\Database\\Connection->run('insert into `oa...', Array, Object(Closure))
#10 C:\\Users\\Dennis Ivan Chavez\\Documents\\13 Web Dev\\CRud\\app-master\\vendor\\laravel\\framework\\src\\Illuminate\\Database\\Connection.php(497): Illuminate\\Database\\Connection->statement('insert into `oa...', Array)
#11 C:\\Users\\Dennis Ivan Chavez\\Documents\\13 Web Dev\\CRud\\app-master\\vendor\\laravel\\framework\\src\\Illuminate\\Database\\Query\\Processors\\Processor.php(32): Illuminate\\Database\\Connection->insert('insert into `oa...', Array)
#12 C:\\Users\\Dennis Ivan Chavez\\Documents\\13 Web Dev\\CRud\\app-master\\vendor\\laravel\\framework\\src\\Illuminate\\Database\\Query\\Builder.php(3246): Illuminate\\Database\\Query\\Processors\\Processor->processInsertGetId(Object(Illuminate\\Database\\Query\\Builder), 'insert into `oa...', Array, 'id')
#13 C:\\Users\\Dennis Ivan Chavez\\Documents\\13 Web Dev\\CRud\\app-master\\vendor\\laravel\\framework\\src\\Illuminate\\Database\\Eloquent\\Builder.php(1834): Illuminate\\Database\\Query\\Builder->insertGetId(Array, 'id')
#14 C:\\Users\\Dennis Ivan Chavez\\Documents\\13 Web Dev\\CRud\\app-master\\vendor\\laravel\\framework\\src\\Illuminate\\Database\\Eloquent\\Model.php(1220): Illuminate\\Database\\Eloquent\\Builder->__call('insertGetId', Array)
#15 C:\\Users\\Dennis Ivan Chavez\\Documents\\13 Web Dev\\CRud\\app-master\\vendor\\laravel\\framework\\src\\Illuminate\\Database\\Eloquent\\Model.php(1185): Illuminate\\Database\\Eloquent\\Model->insertAndSetId(Object(Illuminate\\Database\\Eloquent\\Builder), Array)
#16 C:\\Users\\Dennis Ivan Chavez\\Documents\\13 Web Dev\\CRud\\app-master\\vendor\\laravel\\framework\\src\\Illuminate\\Database\\Eloquent\\Model.php(1026): Illuminate\\Database\\Eloquent\\Model->performInsert(Object(Illuminate\\Database\\Eloquent\\Builder))
#17 C:\\Users\\Dennis Ivan Chavez\\Documents\\13 Web Dev\\CRud\\app-master\\vendor\\laravel\\passport\\src\\ClientRepository.php(153): Illuminate\\Database\\Eloquent\\Model->save()
#18 C:\\Users\\Dennis Ivan Chavez\\Documents\\13 Web Dev\\CRud\\app-master\\vendor\\laravel\\passport\\src\\ClientRepository.php(168): Laravel\\Passport\\ClientRepository->create(NULL, 'Laravel Persona...', 'http://localhos...', NULL, true)
#19 C:\\Users\\Dennis Ivan Chavez\\Documents\\13 Web Dev\\CRud\\app-master\\vendor\\laravel\\passport\\src\\Console\\ClientCommand.php(67): Laravel\\Passport\\ClientRepository->createPersonalAccessClient(NULL, 'Laravel Persona...', 'http://localhos...')
#20 C:\\Users\\Dennis Ivan Chavez\\Documents\\13 Web Dev\\CRud\\app-master\\vendor\\laravel\\passport\\src\\Console\\ClientCommand.php(43): Laravel\\Passport\\Console\\ClientCommand->createPersonalClient(Object(Laravel\\Passport\\ClientRepository))
#21 C:\\Users\\Dennis Ivan Chavez\\Documents\\13 Web Dev\\CRud\\app-master\\vendor\\laravel\\framework\\src\\Illuminate\\Container\\BoundMethod.php(36): Laravel\\Passport\\Console\\ClientCommand->handle(Object(Laravel\\Passport\\ClientRepository))
#22 C:\\Users\\Dennis Ivan Chavez\\Documents\\13 Web Dev\\CRud\\app-master\\vendor\\laravel\\framework\\src\\Illuminate\\Container\\Util.php(41): Illuminate\\Container\\BoundMethod::Illuminate\\Container\\{closure}()
#23 C:\\Users\\Dennis Ivan Chavez\\Documents\\13 Web Dev\\CRud\\app-master\\vendor\\laravel\\framework\\src\\Illuminate\\Container\\BoundMethod.php(93): Illuminate\\Container\\Util::unwrapIfClosure(Object(Closure))
#24 C:\\Users\\Dennis Ivan Chavez\\Documents\\13 Web Dev\\CRud\\app-master\\vendor\\laravel\\framework\\src\\Illuminate\\Container\\BoundMethod.php(37): Illuminate\\Container\\BoundMethod::callBoundMethod(Object(Illuminate\\Foundation\\Application), Array, Object(Closure))
#25 C:\\Users\\Dennis Ivan Chavez\\Documents\\13 Web Dev\\CRud\\app-master\\vendor\\laravel\\framework\\src\\Illuminate\\Container\\Container.php(651): Illuminate\\Container\\BoundMethod::call(Object(Illuminate\\Foundation\\Application), Array, Array, NULL)
#26 C:\\Users\\Dennis Ivan Chavez\\Documents\\13 Web Dev\\CRud\\app-master\\vendor\\laravel\\framework\\src\\Illuminate\\Console\\Command.php(136): Illuminate\\Container\\Container->call(Array)
#27 C:\\Users\\Dennis Ivan Chavez\\Documents\\13 Web Dev\\CRud\\app-master\\vendor\\symfony\\console\\Command\\Command.php(308): Illuminate\\Console\\Command->execute(Object(Symfony\\Component\\Console\\Input\\ArrayInput), Object(Illuminate\\Console\\OutputStyle))
#28 C:\\Users\\Dennis Ivan Chavez\\Documents\\13 Web Dev\\CRud\\app-master\\vendor\\laravel\\framework\\src\\Illuminate\\Console\\Command.php(121): Symfony\\Component\\Console\\Command\\Command->run(Object(Symfony\\Component\\Console\\Input\\ArrayInput), Object(Illuminate\\Console\\OutputStyle))
#29 C:\\Users\\Dennis Ivan Chavez\\Documents\\13 Web Dev\\CRud\\app-master\\vendor\\laravel\\framework\\src\\Illuminate\\Console\\Concerns\\CallsCommands.php(68): Illuminate\\Console\\Command->run(Object(Symfony\\Component\\Console\\Input\\ArrayInput), Object(Illuminate\\Console\\OutputStyle))
#30 C:\\Users\\Dennis Ivan Chavez\\Documents\\13 Web Dev\\CRud\\app-master\\vendor\\laravel\\framework\\src\\Illuminate\\Console\\Concerns\\CallsCommands.php(28): Illuminate\\Console\\Command->runCommand('passport:client', Array, Object(Illuminate\\Console\\OutputStyle))
#31 C:\\Users\\Dennis Ivan Chavez\\Documents\\13 Web Dev\\CRud\\app-master\\vendor\\laravel\\passport\\src\\Console\\InstallCommand.php(42): Illuminate\\Console\\Command->call('passport:client', Array)
#32 C:\\Users\\Dennis Ivan Chavez\\Documents\\13 Web Dev\\CRud\\app-master\\vendor\\laravel\\framework\\src\\Illuminate\\Container\\BoundMethod.php(36): Laravel\\Passport\\Console\\InstallCommand->handle()
#33 C:\\Users\\Dennis Ivan Chavez\\Documents\\13 Web Dev\\CRud\\app-master\\vendor\\laravel\\framework\\src\\Illuminate\\Container\\Util.php(41): Illuminate\\Container\\BoundMethod::Illuminate\\Container\\{closure}()
#34 C:\\Users\\Dennis Ivan Chavez\\Documents\\13 Web Dev\\CRud\\app-master\\vendor\\laravel\\framework\\src\\Illuminate\\Container\\BoundMethod.php(93): Illuminate\\Container\\Util::unwrapIfClosure(Object(Closure))
#35 C:\\Users\\Dennis Ivan Chavez\\Documents\\13 Web Dev\\CRud\\app-master\\vendor\\laravel\\framework\\src\\Illuminate\\Container\\BoundMethod.php(37): Illuminate\\Container\\BoundMethod::callBoundMethod(Object(Illuminate\\Foundation\\Application), Array, Object(Closure))
#36 C:\\Users\\Dennis Ivan Chavez\\Documents\\13 Web Dev\\CRud\\app-master\\vendor\\laravel\\framework\\src\\Illuminate\\Container\\Container.php(651): Illuminate\\Container\\BoundMethod::call(Object(Illuminate\\Foundation\\Application), Array, Array, NULL)
#37 C:\\Users\\Dennis Ivan Chavez\\Documents\\13 Web Dev\\CRud\\app-master\\vendor\\laravel\\framework\\src\\Illuminate\\Console\\Command.php(136): Illuminate\\Container\\Container->call(Array)
#38 C:\\Users\\Dennis Ivan Chavez\\Documents\\13 Web Dev\\CRud\\app-master\\vendor\\symfony\\console\\Command\\Command.php(308): Illuminate\\Console\\Command->execute(Object(Symfony\\Component\\Console\\Input\\ArgvInput), Object(Illuminate\\Console\\OutputStyle))
#39 C:\\Users\\Dennis Ivan Chavez\\Documents\\13 Web Dev\\CRud\\app-master\\vendor\\laravel\\framework\\src\\Illuminate\\Console\\Command.php(121): Symfony\\Component\\Console\\Command\\Command->run(Object(Symfony\\Component\\Console\\Input\\ArgvInput), Object(Illuminate\\Console\\OutputStyle))
#40 C:\\Users\\Dennis Ivan Chavez\\Documents\\13 Web Dev\\CRud\\app-master\\vendor\\symfony\\console\\Application.php(998): Illuminate\\Console\\Command->run(Object(Symfony\\Component\\Console\\Input\\ArgvInput), Object(Symfony\\Component\\Console\\Output\\ConsoleOutput))
#41 C:\\Users\\Dennis Ivan Chavez\\Documents\\13 Web Dev\\CRud\\app-master\\vendor\\symfony\\console\\Application.php(299): Symfony\\Component\\Console\\Application->doRunCommand(Object(Laravel\\Passport\\Console\\InstallCommand), Object(Symfony\\Component\\Console\\Input\\ArgvInput), Object(Symfony\\Component\\Console\\Output\\ConsoleOutput))
#42 C:\\Users\\Dennis Ivan Chavez\\Documents\\13 Web Dev\\CRud\\app-master\\vendor\\symfony\\console\\Application.php(171): Symfony\\Component\\Console\\Application->doRun(Object(Symfony\\Component\\Console\\Input\\ArgvInput), Object(Symfony\\Component\\Console\\Output\\ConsoleOutput))
#43 C:\\Users\\Dennis Ivan Chavez\\Documents\\13 Web Dev\\CRud\\app-master\\vendor\\laravel\\framework\\src\\Illuminate\\Console\\Application.php(102): Symfony\\Component\\Console\\Application->run(Object(Symfony\\Component\\Console\\Input\\ArgvInput), Object(Symfony\\Component\\Console\\Output\\ConsoleOutput))
#44 C:\\Users\\Dennis Ivan Chavez\\Documents\\13 Web Dev\\CRud\\app-master\\vendor\\laravel\\framework\\src\\Illuminate\\Foundation\\Console\\Kernel.php(129): Illuminate\\Console\\Application->run(Object(Symfony\\Component\\Console\\Input\\ArgvInput), Object(Symfony\\Component\\Console\\Output\\ConsoleOutput))
#45 C:\\Users\\Dennis Ivan Chavez\\Documents\\13 Web Dev\\CRud\\app-master\\artisan(37): Illuminate\\Foundation\\Console\\Kernel->handle(Object(Symfony\\Component\\Console\\Input\\ArgvInput), Object(Symfony\\Component\\Console\\Output\\ConsoleOutput))
#46 {main}
"} 
[2022-07-13 01:29:06] production.ERROR: No application encryption key has been specified. {"exception":"[object] (Illuminate\\Encryption\\MissingAppKeyException(code: 0): No application encryption key has been specified. at C:\\Users\\Dennis Ivan Chavez\\Documents\\13 Web Dev\\CRud\\app-master\\vendor\\laravel\\framework\\src\\Illuminate\\Encryption\\EncryptionServiceProvider.php:79)
[stacktrace]
#0 C:\\Users\\Dennis Ivan Chavez\\Documents\\13 Web Dev\\CRud\\app-master\\vendor\\laravel\\framework\\src\\Illuminate\\Support\\helpers.php(302): Illuminate\\Encryption\\EncryptionServiceProvider->Illuminate\\Encryption\\{closure}(NULL)
#1 C:\\Users\\Dennis Ivan Chavez\\Documents\\13 Web Dev\\CRud\\app-master\\vendor\\laravel\\framework\\src\\Illuminate\\Encryption\\EncryptionServiceProvider.php(81): tap(NULL, Object(Closure))
#2 C:\\Users\\Dennis Ivan Chavez\\Documents\\13 Web Dev\\CRud\\app-master\\vendor\\laravel\\framework\\src\\Illuminate\\Encryption\\EncryptionServiceProvider.php(60): Illuminate\\Encryption\\EncryptionServiceProvider->key(Array)
#3 C:\\Users\\Dennis Ivan Chavez\\Documents\\13 Web Dev\\CRud\\app-master\\vendor\\laravel\\framework\\src\\Illuminate\\Encryption\\EncryptionServiceProvider.php(32): Illuminate\\Encryption\\EncryptionServiceProvider->parseKey(Array)
#4 C:\\Users\\Dennis Ivan Chavez\\Documents\\13 Web Dev\\CRud\\app-master\\vendor\\laravel\\framework\\src\\Illuminate\\Container\\Container.php(871): Illuminate\\Encryption\\EncryptionServiceProvider->Illuminate\\Encryption\\{closure}(Object(Illuminate\\Foundation\\Application), Array)
#5 C:\\Users\\Dennis Ivan Chavez\\Documents\\13 Web Dev\\CRud\\app-master\\vendor\\laravel\\framework\\src\\Illuminate\\Container\\Container.php(756): Illuminate\\Container\\Container->build(Object(Closure))
#6 C:\\Users\\Dennis Ivan Chavez\\Documents\\13 Web Dev\\CRud\\app-master\\vendor\\laravel\\framework\\src\\Illuminate\\Foundation\\Application.php(855): Illuminate\\Container\\Container->resolve('encrypter', Array, true)
#7 C:\\Users\\Dennis Ivan Chavez\\Documents\\13 Web Dev\\CRud\\app-master\\vendor\\laravel\\framework\\src\\Illuminate\\Container\\Container.php(692): Illuminate\\Foundation\\Application->resolve('encrypter', Array)
#8 C:\\Users\\Dennis Ivan Chavez\\Documents\\13 Web Dev\\CRud\\app-master\\vendor\\laravel\\framework\\src\\Illuminate\\Foundation\\Application.php(840): Illuminate\\Container\\Container->make('encrypter', Array)
#9 C:\\Users\\Dennis Ivan Chavez\\Documents\\13 Web Dev\\CRud\\app-master\\vendor\\laravel\\framework\\src\\Illuminate\\Container\\Container.php(1025): Illuminate\\Foundation\\Application->make('encrypter')
#10 C:\\Users\\Dennis Ivan Chavez\\Documents\\13 Web Dev\\CRud\\app-master\\vendor\\laravel\\framework\\src\\Illuminate\\Container\\Container.php(945): Illuminate\\Container\\Container->resolveClass(Object(ReflectionParameter))
#11 C:\\Users\\Dennis Ivan Chavez\\Documents\\13 Web Dev\\CRud\\app-master\\vendor\\laravel\\framework\\src\\Illuminate\\Container\\Container.php(906): Illuminate\\Container\\Container->resolveDependencies(Array)
#12 C:\\Users\\Dennis Ivan Chavez\\Documents\\13 Web Dev\\CRud\\app-master\\vendor\\laravel\\framework\\src\\Illuminate\\Container\\Container.php(756): Illuminate\\Container\\Container->build('App\\\\Http\\\\Middle...')
#13 C:\\Users\\Dennis Ivan Chavez\\Documents\\13 Web Dev\\CRud\\app-master\\vendor\\laravel\\framework\\src\\Illuminate\\Foundation\\Application.php(855): Illuminate\\Container\\Container->resolve('App\\\\Http\\\\Middle...', Array, true)
#14 C:\\Users\\Dennis Ivan Chavez\\Documents\\13 Web Dev\\CRud\\app-master\\vendor\\laravel\\framework\\src\\Illuminate\\Container\\Container.php(692): Illuminate\\Foundation\\Application->resolve('App\\\\Http\\\\Middle...', Array)
#15 C:\\Users\\Dennis Ivan Chavez\\Documents\\13 Web Dev\\CRud\\app-master\\vendor\\laravel\\framework\\src\\Illuminate\\Foundation\\Application.php(840): Illuminate\\Container\\Container->make('App\\\\Http\\\\Middle...', Array)
#16 C:\\Users\\Dennis Ivan Chavez\\Documents\\13 Web Dev\\CRud\\app-master\\vendor\\laravel\\framework\\src\\Illuminate\\Pipeline\\Pipeline.php(169): Illuminate\\Foundation\\Application->make('App\\\\Http\\\\Middle...')
#17 C:\\Users\\Dennis Ivan Chavez\\Documents\\13 Web Dev\\CRud\\app-master\\vendor\\laravel\\framework\\src\\Illuminate\\Pipeline\\Pipeline.php(116): Illuminate\\Pipeline\\Pipeline->Illuminate\\Pipeline\\{closure}(Object(Illuminate\\Http\\Request))
#18 C:\\Users\\Dennis Ivan Chavez\\Documents\\13 Web Dev\\CRud\\app-master\\vendor\\laravel\\framework\\src\\Illuminate\\Routing\\Router.php(726): Illuminate\\Pipeline\\Pipeline->then(Object(Closure))
#19 C:\\Users\\Dennis Ivan Chavez\\Documents\\13 Web Dev\\CRud\\app-master\\vendor\\laravel\\framework\\src\\Illuminate\\Routing\\Router.php(703): Illuminate\\Routing\\Router->runRouteWithinStack(Object(Illuminate\\Routing\\Route), Object(Illuminate\\Http\\Request))
#20 C:\\Users\\Dennis Ivan Chavez\\Documents\\13 Web Dev\\CRud\\app-master\\vendor\\laravel\\framework\\src\\Illuminate\\Routing\\Router.php(667): Illuminate\\Routing\\Router->runRoute(Object(Illuminate\\Http\\Request), Object(Illuminate\\Routing\\Route))
#21 C:\\Users\\Dennis Ivan Chavez\\Documents\\13 Web Dev\\CRud\\app-master\\vendor\\laravel\\framework\\src\\Illuminate\\Routing\\Router.php(656): Illuminate\\Routing\\Router->dispatchToRoute(Object(Illuminate\\Http\\Request))
#22 C:\\Users\\Dennis Ivan Chavez\\Documents\\13 Web Dev\\CRud\\app-master\\vendor\\laravel\\framework\\src\\Illuminate\\Foundation\\Http\\Kernel.php(167): Illuminate\\Routing\\Router->dispatch(Object(Illuminate\\Http\\Request))
#23 C:\\Users\\Dennis Ivan Chavez\\Documents\\13 Web Dev\\CRud\\app-master\\vendor\\laravel\\framework\\src\\Illuminate\\Pipeline\\Pipeline.php(141): Illuminate\\Foundation\\Http\\Kernel->Illuminate\\Foundation\\Http\\{closure}(Object(Illuminate\\Http\\Request))
#24 C:\\Users\\Dennis Ivan Chavez\\Documents\\13 Web Dev\\CRud\\app-master\\vendor\\laravel\\framework\\src\\Illuminate\\Foundation\\Http\\Middleware\\TransformsRequest.php(21): Illuminate\\Pipeline\\Pipeline->Illuminate\\Pipeline\\{closure}(Object(Illuminate\\Http\\Request))
#25 C:\\Users\\Dennis Ivan Chavez\\Documents\\13 Web Dev\\CRud\\app-master\\vendor\\laravel\\framework\\src\\Illuminate\\Foundation\\Http\\Middleware\\ConvertEmptyStringsToNull.php(31): Illuminate\\Foundation\\Http\\Middleware\\TransformsRequest->handle(Object(Illuminate\\Http\\Request), Object(Closure))
#26 C:\\Users\\Dennis Ivan Chavez\\Documents\\13 Web Dev\\CRud\\app-master\\vendor\\laravel\\framework\\src\\Illuminate\\Pipeline\\Pipeline.php(180): Illuminate\\Foundation\\Http\\Middleware\\ConvertEmptyStringsToNull->handle(Object(Illuminate\\Http\\Request), Object(Closure))
#27 C:\\Users\\Dennis Ivan Chavez\\Documents\\13 Web Dev\\CRud\\app-master\\vendor\\laravel\\framework\\src\\Illuminate\\Foundation\\Http\\Middleware\\TransformsRequest.php(21): Illuminate\\Pipeline\\Pipeline->Illuminate\\Pipeline\\{closure}(Object(Illuminate\\Http\\Request))
#28 C:\\Users\\Dennis Ivan Chavez\\Documents\\13 Web Dev\\CRud\\app-master\\vendor\\laravel\\framework\\src\\Illuminate\\Foundation\\Http\\Middleware\\TrimStrings.php(40): Illuminate\\Foundation\\Http\\Middleware\\TransformsRequest->handle(Object(Illuminate\\Http\\Request), Object(Closure))
#29 C:\\Users\\Dennis Ivan Chavez\\Documents\\13 Web Dev\\CRud\\app-master\\vendor\\laravel\\framework\\src\\Illuminate\\Pipeline\\Pipeline.php(180): Illuminate\\Foundation\\Http\\Middleware\\TrimStrings->handle(Object(Illuminate\\Http\\Request), Object(Closure))
#30 C:\\Users\\Dennis Ivan Chavez\\Documents\\13 Web Dev\\CRud\\app-master\\vendor\\laravel\\framework\\src\\Illuminate\\Foundation\\Http\\Middleware\\ValidatePostSize.php(27): Illuminate\\Pipeline\\Pipeline->Illuminate\\Pipeline\\{closure}(Object(Illuminate\\Http\\Request))
#31 C:\\Users\\Dennis Ivan Chavez\\Documents\\13 Web Dev\\CRud\\app-master\\vendor\\laravel\\framework\\src\\Illuminate\\Pipeline\\Pipeline.php(180): Illuminate\\Foundation\\Http\\Middleware\\ValidatePostSize->handle(Object(Illuminate\\Http\\Request), Object(Closure))
#32 C:\\Users\\Dennis Ivan Chavez\\Documents\\13 Web Dev\\CRud\\app-master\\vendor\\laravel\\framework\\src\\Illuminate\\Foundation\\Http\\Middleware\\PreventRequestsDuringMaintenance.php(86): Illuminate\\Pipeline\\Pipeline->Illuminate\\Pipeline\\{closure}(Object(Illuminate\\Http\\Request))
#33 C:\\Users\\Dennis Ivan Chavez\\Documents\\13 Web Dev\\CRud\\app-master\\vendor\\laravel\\framework\\src\\Illuminate\\Pipeline\\Pipeline.php(180): Illuminate\\Foundation\\Http\\Middleware\\PreventRequestsDuringMaintenance->handle(Object(Illuminate\\Http\\Request), Object(Closure))
#34 C:\\Users\\Dennis Ivan Chavez\\Documents\\13 Web Dev\\CRud\\app-master\\vendor\\laravel\\framework\\src\\Illuminate\\Http\\Middleware\\HandleCors.php(49): Illuminate\\Pipeline\\Pipeline->Illuminate\\Pipeline\\{closure}(Object(Illuminate\\Http\\Request))
#35 C:\\Users\\Dennis Ivan Chavez\\Documents\\13 Web Dev\\CRud\\app-master\\vendor\\laravel\\framework\\src\\Illuminate\\Pipeline\\Pipeline.php(180): Illuminate\\Http\\Middleware\\HandleCors->handle(Object(Illuminate\\Http\\Request), Object(Closure))
#36 C:\\Users\\Dennis Ivan Chavez\\Documents\\13 Web Dev\\CRud\\app-master\\vendor\\laravel\\framework\\src\\Illuminate\\Http\\Middleware\\TrustProxies.php(39): Illuminate\\Pipeline\\Pipeline->Illuminate\\Pipeline\\{closure}(Object(Illuminate\\Http\\Request))
#37 C:\\Users\\Dennis Ivan Chavez\\Documents\\13 Web Dev\\CRud\\app-master\\vendor\\laravel\\framework\\src\\Illuminate\\Pipeline\\Pipeline.php(180): Illuminate\\Http\\Middleware\\TrustProxies->handle(Object(Illuminate\\Http\\Request), Object(Closure))
#38 C:\\Users\\Dennis Ivan Chavez\\Documents\\13 Web Dev\\CRud\\app-master\\vendor\\laravel\\framework\\src\\Illuminate\\Pipeline\\Pipeline.php(116): Illuminate\\Pipeline\\Pipeline->Illuminate\\Pipeline\\{closure}(Object(Illuminate\\Http\\Request))
#39 C:\\Users\\Dennis Ivan Chavez\\Documents\\13 Web Dev\\CRud\\app-master\\vendor\\laravel\\framework\\src\\Illuminate\\Foundation\\Http\\Kernel.php(142): Illuminate\\Pipeline\\Pipeline->then(Object(Closure))
#40 C:\\Users\\Dennis Ivan Chavez\\Documents\\13 Web Dev\\CRud\\app-master\\vendor\\laravel\\framework\\src\\Illuminate\\Foundation\\Http\\Kernel.php(111): Illuminate\\Foundation\\Http\\Kernel->sendRequestThroughRouter(Object(Illuminate\\Http\\Request))
#41 C:\\Users\\Dennis Ivan Chavez\\Documents\\13 Web Dev\\CRud\\app-master\\public\\index.php(52): Illuminate\\Foundation\\Http\\Kernel->handle(Object(Illuminate\\Http\\Request))
#42 C:\\Users\\Dennis Ivan Chavez\\Documents\\13 Web Dev\\CRud\\app-master\\vendor\\laravel\\framework\\src\\Illuminate\\Foundation\esources\\server.php(16): require_once('C:\\\\Users\\\\Dennis...')
#43 {main}
"} 
[2022-07-13 01:29:07] production.ERROR: No application encryption key has been specified. {"exception":"[object] (Illuminate\\Encryption\\MissingAppKeyException(code: 0): No application encryption key has been specified. at C:\\Users\\Dennis Ivan Chavez\\Documents\\13 Web Dev\\CRud\\app-master\\vendor\\laravel\\framework\\src\\Illuminate\\Encryption\\EncryptionServiceProvider.php:79)
[stacktrace]
#0 C:\\Users\\Dennis Ivan Chavez\\Documents\\13 Web Dev\\CRud\\app-master\\vendor\\laravel\\framework\\src\\Illuminate\\Support\\helpers.php(302): Illuminate\\Encryption\\EncryptionServiceProvider->Illuminate\\Encryption\\{closure}(NULL)
#1 C:\\Users\\Dennis Ivan Chavez\\Documents\\13 Web Dev\\CRud\\app-master\\vendor\\laravel\\framework\\src\\Illuminate\\Encryption\\EncryptionServiceProvider.php(81): tap(NULL, Object(Closure))
#2 C:\\Users\\Dennis Ivan Chavez\\Documents\\13 Web Dev\\CRud\\app-master\\vendor\\laravel\\framework\\src\\Illuminate\\Encryption\\EncryptionServiceProvider.php(60): Illuminate\\Encryption\\EncryptionServiceProvider->key(Array)
#3 C:\\Users\\Dennis Ivan Chavez\\Documents\\13 Web Dev\\CRud\\app-master\\vendor\\laravel\\framework\\src\\Illuminate\\Encryption\\EncryptionServiceProvider.php(32): Illuminate\\Encryption\\EncryptionServiceProvider->parseKey(Array)
#4 C:\\Users\\Dennis Ivan Chavez\\Documents\\13 Web Dev\\CRud\\app-master\\vendor\\laravel\\framework\\src\\Illuminate\\Container\\Container.php(871): Illuminate\\Encryption\\EncryptionServiceProvider->Illuminate\\Encryption\\{closure}(Object(Illuminate\\Foundation\\Application), Array)
#5 C:\\Users\\Dennis Ivan Chavez\\Documents\\13 Web Dev\\CRud\\app-master\\vendor\\laravel\\framework\\src\\Illuminate\\Container\\Container.php(756): Illuminate\\Container\\Container->build(Object(Closure))
#6 C:\\Users\\Dennis Ivan Chavez\\Documents\\13 Web Dev\\CRud\\app-master\\vendor\\laravel\\framework\\src\\Illuminate\\Foundation\\Application.php(855): Illuminate\\Container\\Container->resolve('encrypter', Array, true)
#7 C:\\Users\\Dennis Ivan Chavez\\Documents\\13 Web Dev\\CRud\\app-master\\vendor\\laravel\\framework\\src\\Illuminate\\Container\\Container.php(692): Illuminate\\Foundation\\Application->resolve('encrypter', Array)
#8 C:\\Users\\Dennis Ivan Chavez\\Documents\\13 Web Dev\\CRud\\app-master\\vendor\\laravel\\framework\\src\\Illuminate\\Foundation\\Application.php(840): Illuminate\\Container\\Container->make('encrypter', Array)
#9 C:\\Users\\Dennis Ivan Chavez\\Documents\\13 Web Dev\\CRud\\app-master\\vendor\\laravel\\framework\\src\\Illuminate\\Container\\Container.php(1025): Illuminate\\Foundation\\Application->make('encrypter')
#10 C:\\Users\\Dennis Ivan Chavez\\Documents\\13 Web Dev\\CRud\\app-master\\vendor\\laravel\\framework\\src\\Illuminate\\Container\\Container.php(945): Illuminate\\Container\\Container->resolveClass(Object(ReflectionParameter))
#11 C:\\Users\\Dennis Ivan Chavez\\Documents\\13 Web Dev\\CRud\\app-master\\vendor\\laravel\\framework\\src\\Illuminate\\Container\\Container.php(906): Illuminate\\Container\\Container->resolveDependencies(Array)
#12 C:\\Users\\Dennis Ivan Chavez\\Documents\\13 Web Dev\\CRud\\app-master\\vendor\\laravel\\framework\\src\\Illuminate\\Container\\Container.php(756): Illuminate\\Container\\Container->build('App\\\\Http\\\\Middle...')
#13 C:\\Users\\Dennis Ivan Chavez\\Documents\\13 Web Dev\\CRud\\app-master\\vendor\\laravel\\framework\\src\\Illuminate\\Foundation\\Application.php(855): Illuminate\\Container\\Container->resolve('App\\\\Http\\\\Middle...', Array, true)
#14 C:\\Users\\Dennis Ivan Chavez\\Documents\\13 Web Dev\\CRud\\app-master\\vendor\\laravel\\framework\\src\\Illuminate\\Container\\Container.php(692): Illuminate\\Foundation\\Application->resolve('App\\\\Http\\\\Middle...', Array)
#15 C:\\Users\\Dennis Ivan Chavez\\Documents\\13 Web Dev\\CRud\\app-master\\vendor\\laravel\\framework\\src\\Illuminate\\Foundation\\Application.php(840): Illuminate\\Container\\Container->make('App\\\\Http\\\\Middle...', Array)
#16 C:\\Users\\Dennis Ivan Chavez\\Documents\\13 Web Dev\\CRud\\app-master\\vendor\\laravel\\framework\\src\\Illuminate\\Foundation\\Http\\Kernel.php(206): Illuminate\\Foundation\\Application->make('App\\\\Http\\\\Middle...')
#17 C:\\Users\\Dennis Ivan Chavez\\Documents\\13 Web Dev\\CRud\\app-master\\vendor\\laravel\\framework\\src\\Illuminate\\Foundation\\Http\\Kernel.php(180): Illuminate\\Foundation\\Http\\Kernel->terminateMiddleware(Object(Illuminate\\Http\\Request), Object(Illuminate\\Http\\Response))
#18 C:\\Users\\Dennis Ivan Chavez\\Documents\\13 Web Dev\\CRud\\app-master\\public\\index.php(55): Illuminate\\Foundation\\Http\\Kernel->terminate(Object(Illuminate\\Http\\Request), Object(Illuminate\\Http\\Response))
#19 C:\\Users\\Dennis Ivan Chavez\\Documents\\13 Web Dev\\CRud\\app-master\\vendor\\laravel\\framework\\src\\Illuminate\\Foundation\esources\\server.php(16): require_once('C:\\\\Users\\\\Dennis...')
#20 {main}
"} 
